# JRE version: OpenJDK Runtime Environment Microsoft-8035246 (17.0.8+7) (build 17.0.8+7-LTS)
# Java VM: OpenJDK 64-Bit Server VM Microsoft-8035246 (17.0.8+7-LTS, mixed mode, sharing, tiered, compressed oops, compressed class ptrs, g1 gc, windows-amd64)
GC Precious Log:
 CPUs: 8 total, 8 available
 Memory: 16272M
 Large Page Support: Disabled
 NUMA Support: Disabled
 Compressed Oops: Enabled (32-bit)
 Heap Region Size: 1M
 Heap Min Capacity: 8M
 Heap Initial Capacity: 256M
 Heap Max Capacity: 2G
 Pre-touch: Disabled
 Parallel Workers: 8
 Concurrent Workers: 2
 Concurrent Refinement Workers: 8
 Periodic GC: Disabled
Heap:
 garbage-first heap   total 273408K, used 227956K [0x0000000080000000, 0x0000000100000000)
  region size 1024K, 25 young (25600K), 3 survivors (3072K)
 Metaspace       used 105298K, committed 106560K, reserved 557056K
  class space    used 14685K, committed 15296K, reserved 425984K
GC Heap History (20 events):
Event: 37.711 GC heap before
{Heap before GC invocations=48 (full 0):
 garbage-first heap   total 273408K, used 213644K [0x0000000080000000, 0x0000000100000000)
  region size 1024K, 72 young (73728K), 12 survivors (12288K)
 Metaspace       used 97305K, committed 98368K, reserved 557056K
  class space    used 13577K, committed 14080K, reserved 425984K
}
Event: 37.726 GC heap after
{Heap after GC invocations=49 (full 0):
 garbage-first heap   total 273408K, used 165232K [0x0000000080000000, 0x0000000100000000)
  region size 1024K, 9 young (9216K), 9 survivors (9216K)
 Metaspace       used 97305K, committed 98368K, reserved 557056K
  class space    used 13577K, committed 14080K, reserved 425984K
}
Event: 38.719 GC heap before
{Heap before GC invocations=49 (full 0):
 garbage-first heap   total 273408K, used 217456K [0x0000000080000000, 0x0000000100000000)
  region size 1024K, 60 young (61440K), 9 survivors (9216K)
 Metaspace       used 101274K, committed 102336K, reserved 557056K
  class space    used 14153K, committed 14656K, reserved 425984K
}
Event: 38.731 GC heap after
{Heap after GC invocations=50 (full 0):
 garbage-first heap   total 273408K, used 170244K [0x0000000080000000, 0x0000000100000000)
  region size 1024K, 4 young (4096K), 4 survivors (4096K)
 Metaspace       used 101274K, committed 102336K, reserved 557056K
  class space    used 14153K, committed 14656K, reserved 425984K
}
Event: 39.367 GC heap before
{Heap before GC invocations=50 (full 0):
 garbage-first heap   total 273408K, used 221444K [0x0000000080000000, 0x0000000100000000)
  region size 1024K, 54 young (55296K), 4 survivors (4096K)
 Metaspace       used 102866K, committed 104000K, reserved 557056K
  class space    used 14358K, committed 14912K, reserved 425984K
}
Event: 39.379 GC heap after
{Heap after GC invocations=51 (full 0):
 garbage-first heap   total 273408K, used 176389K [0x0000000080000000, 0x0000000100000000)
  region size 1024K, 7 young (7168K), 7 survivors (7168K)
 Metaspace       used 102866K, committed 104000K, reserved 557056K
  class space    used 14358K, committed 14912K, reserved 425984K
}
Event: 39.819 GC heap before
{Heap before GC invocations=51 (full 0):
 garbage-first heap   total 273408K, used 223493K [0x0000000080000000, 0x0000000100000000)
  region size 1024K, 53 young (54272K), 7 survivors (7168K)
 Metaspace       used 103110K, committed 104256K, reserved 557056K
  class space    used 14360K, committed 14912K, reserved 425984K
}
Event: 39.830 GC heap after
{Heap after GC invocations=52 (full 0):
 garbage-first heap   total 273408K, used 181324K [0x0000000080000000, 0x0000000100000000)
  region size 1024K, 5 young (5120K), 5 survivors (5120K)
 Metaspace       used 103110K, committed 104256K, reserved 557056K
  class space    used 14360K, committed 14912K, reserved 425984K
}
Event: 40.312 GC heap before
{Heap before GC invocations=52 (full 0):
 garbage-first heap   total 273408K, used 225356K [0x0000000080000000, 0x0000000100000000)
  region size 1024K, 49 young (50176K), 5 survivors (5120K)
 Metaspace       used 104236K, committed 105472K, reserved 557056K
  class space    used 14587K, committed 15168K, reserved 425984K
}
Event: 40.321 GC heap after
{Heap after GC invocations=53 (full 0):
 garbage-first heap   total 273408K, used 186268K [0x0000000080000000, 0x0000000100000000)
  region size 1024K, 6 young (6144K), 6 survivors (6144K)
 Metaspace       used 104236K, committed 105472K, reserved 557056K
  class space    used 14587K, committed 15168K, reserved 425984K
}
Event: 40.860 GC heap before
{Heap before GC invocations=53 (full 0):
 garbage-first heap   total 273408K, used 226204K [0x0000000080000000, 0x0000000100000000)
  region size 1024K, 46 young (47104K), 6 survivors (6144K)
 Metaspace       used 104744K, committed 105984K, reserved 557056K
  class space    used 14648K, committed 15232K, reserved 425984K
}
Event: 40.868 GC heap after
{Heap after GC invocations=54 (full 0):
 garbage-first heap   total 273408K, used 188162K [0x0000000080000000, 0x0000000100000000)
  region size 1024K, 3 young (3072K), 3 survivors (3072K)
 Metaspace       used 104744K, committed 105984K, reserved 557056K
  class space    used 14648K, committed 15232K, reserved 425984K
}
Event: 41.155 GC heap before
{Heap before GC invocations=54 (full 0):
 garbage-first heap   total 273408K, used 229122K [0x0000000080000000, 0x0000000100000000)
  region size 1024K, 44 young (45056K), 3 survivors (3072K)
 Metaspace       used 104870K, committed 106048K, reserved 557056K
  class space    used 14648K, committed 15232K, reserved 425984K
}
Event: 41.161 GC heap after
{Heap after GC invocations=55 (full 0):
 garbage-first heap   total 273408K, used 193047K [0x0000000080000000, 0x0000000100000000)
  region size 1024K, 6 young (6144K), 6 survivors (6144K)
 Metaspace       used 104870K, committed 106048K, reserved 557056K
  class space    used 14648K, committed 15232K, reserved 425984K
}
Event: 41.744 GC heap before
{Heap before GC invocations=55 (full 0):
 garbage-first heap   total 273408K, used 230935K [0x0000000080000000, 0x0000000100000000)
  region size 1024K, 44 young (45056K), 6 survivors (6144K)
 Metaspace       used 104884K, committed 106112K, reserved 557056K
  class space    used 14648K, committed 15232K, reserved 425984K
}
Event: 41.749 GC heap after
{Heap after GC invocations=56 (full 0):
 garbage-first heap   total 273408K, used 195150K [0x0000000080000000, 0x0000000100000000)
  region size 1024K, 2 young (2048K), 2 survivors (2048K)
 Metaspace       used 104884K, committed 106112K, reserved 557056K
  class space    used 14648K, committed 15232K, reserved 425984K
}
Event: 42.281 GC heap before
{Heap before GC invocations=56 (full 0):
 garbage-first heap   total 273408K, used 241230K [0x0000000080000000, 0x0000000100000000)
  region size 1024K, 40 young (40960K), 2 survivors (2048K)
 Metaspace       used 105069K, committed 106304K, reserved 557056K
  class space    used 14658K, committed 15232K, reserved 425984K
}
Event: 42.286 GC heap after
{Heap after GC invocations=57 (full 0):
 garbage-first heap   total 273408K, used 199428K [0x0000000080000000, 0x0000000100000000)
  region size 1024K, 5 young (5120K), 5 survivors (5120K)
 Metaspace       used 105069K, committed 106304K, reserved 557056K
  class space    used 14658K, committed 15232K, reserved 425984K
}
Event: 42.676 GC heap before
{Heap before GC invocations=57 (full 0):
 garbage-first heap   total 273408K, used 241412K [0x0000000080000000, 0x0000000100000000)
  region size 1024K, 39 young (39936K), 5 survivors (5120K)
 Metaspace       used 105184K, committed 106432K, reserved 557056K
  class space    used 14665K, committed 15232K, reserved 425984K
}
Event: 42.682 GC heap after
{Heap after GC invocations=58 (full 0):
 garbage-first heap   total 273408K, used 202356K [0x0000000080000000, 0x0000000100000000)
  region size 1024K, 3 young (3072K), 3 survivors (3072K)
 Metaspace       used 105184K, committed 106432K, reserved 557056K
  class space    used 14665K, committed 15232K, reserved 425984K
}

